C51 COMPILER V9.54   DELAY                                                                 11/07/2021 16:27:41 PAGE 1   


C51 COMPILER V9.54, COMPILATION OF MODULE DELAY
OBJECT MODULE PLACED IN .\Objects\DELAY.obj
COMPILER INVOKED BY: D:\keil\C51\BIN\C51.EXE DELAY.c OPTIMIZE(8,SPEED) BROWSE DEBUG OBJECTEXTEND PRINT(.\Listings\DELAY.
                    -lst) OBJECT(.\Objects\DELAY.obj)

line level    source

   1          void delay(int xms)
   2          {
   3   1              int i,j;
   4   1              for(i=xms;i>0;i--)
   5   1                      for(j=110;j>0;j--);
   6   1      }
   7          void Delay5us()         //@12.000MHz
   8          {
   9   1              unsigned char i;
  10   1      
  11   1              i = 12;
  12   1              while (--i);
  13   1      }


MODULE INFORMATION:   STATIC OVERLAYABLE
   CODE SIZE        =     37    ----
   CONSTANT SIZE    =   ----    ----
   XDATA SIZE       =   ----    ----
   PDATA SIZE       =   ----    ----
   DATA SIZE        =   ----    ----
   IDATA SIZE       =   ----    ----
   BIT SIZE         =   ----    ----
END OF MODULE INFORMATION.


C51 COMPILATION COMPLETE.  0 WARNING(S),  0 ERROR(S)
