C51 COMPILER V9.54   I2C                                                                   11/07/2021 16:27:41 PAGE 1   


C51 COMPILER V9.54, COMPILATION OF MODULE I2C
OBJECT MODULE PLACED IN .\Objects\I2C.obj
COMPILER INVOKED BY: D:\keil\C51\BIN\C51.EXE I2C.c OPTIMIZE(8,SPEED) BROWSE DEBUG OBJECTEXTEND PRINT(.\Listings\I2C.lst)
                    - OBJECT(.\Objects\I2C.obj)

line level    source

   1          #include <REGX52.H>
   2          #include "delay.h"
   3          sbit I2C_SCL=P3^1;
   4          sbit I2C_SDA=P3^0;
   5          
   6          /**
   7            * @brief  I2C开始
   8            * @param  无
   9            * @retval 无
  10            */
  11          void I2C_Start(void)
  12          {
  13   1              I2C_SDA=1;
  14   1              I2C_SCL=1;
  15   1              Delay5us();
  16   1              I2C_SDA=0;
  17   1              Delay5us();
  18   1              I2C_SCL=0;
  19   1      }
  20          
  21          /**
  22            * @brief  I2C停止
  23            * @param  无
  24            * @retval 无
  25            */
  26          void I2C_Stop(void)
  27          {
  28   1              I2C_SDA=0;
  29   1              I2C_SCL=1;
  30   1              Delay5us();
  31   1              I2C_SDA=1;
  32   1              Delay5us();
  33   1      }
  34          
  35          /**
  36            * @brief  I2C发送一个字节
  37            * @param  Byte 要发送的字节
  38            * @retval 无
  39            */
  40          void I2C_SendByte(unsigned char Byte)
  41          {
  42   1              unsigned char i;
  43   1              for(i=0;i<8;i++)
  44   1              {
  45   2                      I2C_SDA=Byte&(0x80>>i);
  46   2                      I2C_SCL=1;
  47   2                      Delay5us();
  48   2                      I2C_SCL=0;
  49   2                      Delay5us();
  50   2              }
  51   1      }
  52          
  53          /**
  54            * @brief  I2C接收一个字节
C51 COMPILER V9.54   I2C                                                                   11/07/2021 16:27:41 PAGE 2   

  55            * @param  无
  56            * @retval 接收到的一个字节数据
  57            */
  58          unsigned char I2C_ReceiveByte(void)
  59          {
  60   1              unsigned char i,Byte=0x00;
  61   1              I2C_SDA=1;
  62   1              for(i=0;i<8;i++)
  63   1              {
  64   2                      I2C_SCL=1;
  65   2                      Delay5us();
  66   2                      if(I2C_SDA){Byte|=(0x80>>i);}
  67   2                      I2C_SCL=0;
  68   2                      Delay5us();
  69   2              }
  70   1              return Byte;
  71   1      }
  72          
  73          /**
  74            * @brief  I2C发送应答
  75            * @param  AckBit 应答位，0为应答，1为非应答
  76            * @retval 无
  77            */
  78          void I2C_SendAck(unsigned char AckBit)
  79          {
  80   1              I2C_SDA=AckBit;
  81   1              I2C_SCL=1;
  82   1              Delay5us();
  83   1              I2C_SCL=0;
  84   1              Delay5us();
  85   1      }
  86          
  87          /**
  88            * @brief  I2C接收应答位
  89            * @param  无
  90            * @retval 接收到的应答位，0为应答，1为非应答
  91            */
  92          unsigned char I2C_ReceiveAck(void)
  93          {
  94   1              unsigned char AckBit;
  95   1              I2C_SDA=1;
  96   1              Delay5us();
  97   1              I2C_SCL=1;
  98   1              AckBit=I2C_SDA;
  99   1              I2C_SCL=0;
 100   1              Delay5us();
 101   1              return AckBit;
 102   1      }


MODULE INFORMATION:   STATIC OVERLAYABLE
   CODE SIZE        =    160    ----
   CONSTANT SIZE    =   ----    ----
   XDATA SIZE       =   ----    ----
   PDATA SIZE       =   ----    ----
   DATA SIZE        =   ----       5
   IDATA SIZE       =   ----    ----
   BIT SIZE         =   ----    ----
END OF MODULE INFORMATION.


C51 COMPILATION COMPLETE.  0 WARNING(S),  0 ERROR(S)
