C51 COMPILER V9.54   MAIN                                                                  11/09/2021 20:57:35 PAGE 1   


C51 COMPILER V9.54, COMPILATION OF MODULE MAIN
OBJECT MODULE PLACED IN .\Objects\main.obj
COMPILER INVOKED BY: D:\keil\C51\BIN\C51.EXE main.c OPTIMIZE(8,SPEED) BROWSE DEBUG OBJECTEXTEND PRINT(.\Listings\main.ls
                    -t) OBJECT(.\Objects\main.obj)

line level    source

   1          #include <REGX52.H>
   2          #include "delay.h"
   3          #include "step motor.h"
   4          #include "Timer0.h"
   5          #include "AT24C02.h"
   6          #include "EEPROM.h"
   7          #include "project.h"
   8          void main()
   9          {
  10   1      //      int dat=50,speed=85;
  11   1      //      if(dat>0 && dat <100)
  12   1      //      {
  13   1      //              dat=AT24C02_ReadByte(1)*45/512+1;
  14   1      //      }
  15   1      //      else
  16   1      //      {
  17   1      //              dat=100;
  18   1      //      }
  19   1              mark=AT24C02_ReadByte(2);
  20   1              while(1)
  21   1              {
  22   2                              MotorRun(100,mark,2);
  23   2      
  24   2      //              delay(100);
  25   2              }
  26   1                      
  27   1      }


MODULE INFORMATION:   STATIC OVERLAYABLE
   CODE SIZE        =     25    ----
   CONSTANT SIZE    =   ----    ----
   XDATA SIZE       =   ----    ----
   PDATA SIZE       =   ----    ----
   DATA SIZE        =   ----    ----
   IDATA SIZE       =   ----    ----
   BIT SIZE         =   ----    ----
END OF MODULE INFORMATION.


C51 COMPILATION COMPLETE.  0 WARNING(S),  0 ERROR(S)
