C51 COMPILER V9.54   STEP_MOTOR                                                            11/09/2021 20:58:50 PAGE 1   


C51 COMPILER V9.54, COMPILATION OF MODULE STEP_MOTOR
OBJECT MODULE PLACED IN .\Objects\step motor.obj
COMPILER INVOKED BY: D:\keil\C51\BIN\C51.EXE step motor.c OPTIMIZE(8,SPEED) BROWSE DEBUG OBJECTEXTEND PRINT(.\Listings\s
                    -tep motor.lst) OBJECT(.\Objects\step motor.obj)

line level    source

   1          #include  "reg51.h"
   2          #include <intrins.h>
   3          #include "delay.h"
   4          #include "at24c02.h"
   5          #define uint unsigned int
   6          #define uchar unsigned char
   7          uchar mark;
   8          uint nangle;
   9          sbit MA=P2^0;
  10          sbit MB=P2^1;
  11          sbit MC=P2^2;
  12          sbit MD=P2^3;
  13          sbit MA_2=P1^0;
  14          sbit MB_2=P1^1;
  15          sbit MC_2=P1^2;
  16          sbit MD_2=P1^3;
  17          
  18          
  19          
  20          
  21          /*
  22          angleÔºöËßíÂ∫¶ÔºåËåÉÂõ¥[0,360]
  23          drctÔºöÊóãËΩ¨ÊñπÂêëÔºå0ÔºöÈ°∫Êó∂ÈíàÔºå1ÔºöÈÄÜÊó∂Èíà
  24          speedÔºöËΩ¨ÈÄüÔºåËåÉÂõ¥[1,100]
  25          */
  26          void MotorRun(uint angle,uint drct,uint speed)
  27          {
  28   1              uint step;
  29   1              step=0;
  30   1              nangle=512*angle/45;//Â∞ÜËßíÂ∫¶Êç¢ÁÆóÊàêÊãçÊï∞ÔºåËÆ°ÁÆóÁªìÊûúËá™Âä®ÂèñÊï¥
  31   1              if(drct==0)
  32   1              {
  33   2                      while(nangle--)
  34   2                      {
  35   3                              
  36   3                              delay(5);
  37   3                              switch(step)//8ÊãçÊñπÂºèÈ©±Âä®ÔºåÊØèÊãçËΩ¨(5.265/64)Â∫¶
  38   3                              {
  39   4                                      case 0:MA=1;MB=0;MC=0;MD=0;MA_2=1;MB_2=0;MC_2=0;MD_2=0;break;
  40   4                                      case 1:MA=1;MB=1;MC=0;MD=0;MA_2=1;MB_2=1;MC_2=0;MD_2=0;break;
  41   4                                      case 2:MA=0;MB=1;MC=0;MD=0;MA_2=0;MB_2=1;MC_2=0;MD_2=0;break;
  42   4                                      case 3:MA=0;MB=1;MC=1;MD=0;MA_2=0;MB_2=1;MC_2=1;MD_2=0;break;
  43   4                                      case 4:MA=0;MB=0;MC=1;MD=0;MA_2=0;MB_2=0;MC_2=1;MD_2=0;break;
  44   4                                      case 5:MA=0;MB=0;MC=1;MD=1;MA_2=0;MB_2=0;MC_2=1;MD_2=1;break;
  45   4                                      case 6:MA=0;MB=0;MC=0;MD=1;MA_2=0;MB_2=0;MC_2=0;MD_2=1;break;
  46   4                                      case 7:MA=1;MB=0;MC=0;MD=1;MA_2=1;MB_2=0;MC_2=0;MD_2=1;break;
  47   4                              }
  48   3                              if(step==7)step=0;
  49   3                              else step++;
  50   3      
  51   3      
  52   3      //                      AT24C02_WriteByte(1,nangle);
  53   3      //                      AT24C02_WriteByte(2,0);
  54   3                              delay(speed);//ËøôÈáåÂèØ‰ª•ÈÄÇÂΩìÊîπÂä®ÔºåÂª∂Êó∂Êó∂Èó¥Áü≠ÂàôËΩ¨ÈÄüÂø´Ôºå‰ΩÜÊòØÊó∂Èó¥Â§™Áü≠‰ºöÈÄ†ÊàêÁîµÊ
C51 COMPILER V9.54   STEP_MOTOR                                                            11/09/2021 20:58:50 PAGE 2   

             -ú∫Â†µËΩ¨Ôºà‰∏çËΩ¨‰∫ÜÔºâ
  55   3                              
  56   3                      }
  57   2                      mark=1;
  58   2              }
  59   1              else
  60   1              {
  61   2                      while(nangle--)
  62   2                      {
  63   3                              
  64   3                              switch(step)
  65   3                              {
  66   4                                      case 0:MA=1;MB=0;MC=0;MD=1;MA_2=1;MB_2=0;MC_2=0;MD_2=1;break;
  67   4                                      case 1:MA=0;MB=0;MC=0;MD=1;MA_2=0;MB_2=0;MC_2=0;MD_2=1;break;
  68   4                                      case 2:MA=0;MB=0;MC=1;MD=1;MA_2=0;MB_2=0;MC_2=1;MD_2=1;break;
  69   4                                      case 3:MA=0;MB=0;MC=1;MD=0;MA_2=0;MB_2=0;MC_2=1;MD_2=0;break;
  70   4                                      case 4:MA=0;MB=1;MC=1;MD=0;MA_2=0;MB_2=1;MC_2=1;MD_2=0;break;
  71   4                                      case 5:MA=0;MB=1;MC=0;MD=0;MA_2=0;MB_2=1;MC_2=0;MD_2=0;break;
  72   4                                      case 6:MA=1;MB=1;MC=0;MD=0;MA_2=1;MB_2=1;MC_2=0;MD_2=0;break;
  73   4                                      case 7:MA=1;MB=0;MC=0;MD=0;MA_2=1;MB_2=0;MC_2=0;MD_2=0;break;
  74   4                              }
  75   3                              if(step==7)step=0;
  76   3                              else step++;
  77   3      
  78   3      //                      AT24C02_WriteByte(2,1);
  79   3      //                      AT24C02_WriteByte(1,nangle);
  80   3                              delay(speed);//ËøôÈáåÂèØ‰ª•ÈÄÇÂΩìÊîπÂä®ÔºåÂª∂Êó∂Êó∂Èó¥Áü≠ÂàôËΩ¨ÈÄüÂø´Ôºå‰ΩÜÊòØÊó∂Èó¥Â§™Áü≠‰ºöÈÄ†ÊàêÁîµÊ
             -ú∫Â†µËΩ¨Ôºà‰∏çËΩ¨‰∫ÜÔºâ
  81   3                              
  82   3                              delay(5);
  83   3                      }
  84   2                      mark=0;
  85   2              }
  86   1      //      MA=0;MB=0;MC=0;MD=0;
  87   1      }


MODULE INFORMATION:   STATIC OVERLAYABLE
   CODE SIZE        =    499    ----
   CONSTANT SIZE    =   ----    ----
   XDATA SIZE       =   ----    ----
   PDATA SIZE       =   ----    ----
   DATA SIZE        =      3       4
   IDATA SIZE       =   ----    ----
   BIT SIZE         =   ----    ----
END OF MODULE INFORMATION.


C51 COMPILATION COMPLETE.  0 WARNING(S),  0 ERROR(S)
