C51 COMPILER V9.54   TIMER0                                                                11/06/2021 14:41:27 PAGE 1   


C51 COMPILER V9.54, COMPILATION OF MODULE TIMER0
OBJECT MODULE PLACED IN .\Objects\timer0.obj
COMPILER INVOKED BY: D:\keil\C51\BIN\C51.EXE timer0.c OPTIMIZE(8,SPEED) BROWSE DEBUG OBJECTEXTEND PRINT(.\Listings\timer
                    -0.lst) OBJECT(.\Objects\timer0.obj)

line level    source

   1          #include <REGX52.H>
   2          void Timer0Init(void)   
   3          {
   4   1              TMOD &= 0x0f;           //设置定时器模式
   5   1              TL0 = 0x20;             //设置定时初值
   6   1              TH0 = 0xd1;
   7   1              TF0 = 0;                //清除TF0标志
   8   1              TR0 = 1;                //定时器0开始计时
   9   1              ET0=1;
  10   1              EA=1;
  11   1              PT0=0;
  12   1      }
  13          
  14          //void Timer0_Routine() interrupt 1
  15          //{
  16          //      static uint T0count;
  17          //      TL0 = 0x66;             
  18          //      TH0 = 0xFC;
  19          //      T0count++;
  20          //      if(T0count>=1000)
  21          //      {
  22          //              T0count=0;
  23          //      }
  24          //      
  25          //}


MODULE INFORMATION:   STATIC OVERLAYABLE
   CODE SIZE        =     20    ----
   CONSTANT SIZE    =   ----    ----
   XDATA SIZE       =   ----    ----
   PDATA SIZE       =   ----    ----
   DATA SIZE        =   ----    ----
   IDATA SIZE       =   ----    ----
   BIT SIZE         =   ----    ----
END OF MODULE INFORMATION.


C51 COMPILATION COMPLETE.  0 WARNING(S),  0 ERROR(S)
